2017-04-21 23:37:28,433 [Worker-57] INFO  o.e.m.c.i.l.LifecycleMappingFactory - Using org.eclipse.m2e.jdt.JarLifecycleMapping lifecycle mapping for MavenProject: java.networking:netty.chat:0.0.1-SNAPSHOT @ /Users/sghosh8/learning/Languages/Languages/eclipse-workspace/netty.chat/pom.xml.
2017-04-21 23:37:28,853 [Worker-57] INFO  o.e.m.j.i.AbstractJavaProjectConfigurator - Adding source folder /netty.chat/src/main/java
2017-04-21 23:37:28,854 [Worker-57] INFO  o.e.m.j.i.AbstractJavaProjectConfigurator - Adding resource folder /netty.chat/src/main/resources
2017-04-21 23:37:28,854 [Worker-57] INFO  o.e.m.j.i.AbstractJavaProjectConfigurator - Adding source folder /netty.chat/src/test/java
2017-04-21 23:37:28,854 [Worker-57] INFO  o.e.m.j.i.AbstractJavaProjectConfigurator - Adding resource folder /netty.chat/src/test/resources
2017-04-21 23:37:37,259 [Worker-58] WARN  o.e.m.c.i.embedder.EclipseLogger - Using platform encoding (UTF-8 actually) to copy filtered resources, i.e. build is platform dependent!
2017-04-21 23:37:37,273 [Worker-58] INFO  o.e.m.c.i.embedder.EclipseLogger - Copying 0 resource
2017-04-21 23:37:37,275 [Worker-58] WARN  o.e.m.c.i.embedder.EclipseLogger - Using platform encoding (UTF-8 actually) to copy filtered resources, i.e. build is platform dependent!
2017-04-21 23:37:37,275 [Worker-58] INFO  o.e.m.c.i.embedder.EclipseLogger - Copying 0 resource
2017-04-22 17:01:55,200 [Worker-24] INFO  o.e.m.c.i.l.LifecycleMappingFactory - Using org.eclipse.m2e.jdt.JarLifecycleMapping lifecycle mapping for MavenProject: java.networking:netty.chat:0.0.1-SNAPSHOT @ /Users/sghosh8/learning/Languages/Languages/eclipse-workspace/netty.chat/pom.xml.
2017-04-22 17:02:06,099 [Worker-24] INFO  o.e.m.c.i.e.AbstractTransferListenerAdapter - Downloaded http://gec-maven-nexus.walmart.com/nexus/content/groups/public/io/netty/netty-all/4.1.9/netty-all-4.1.9.pom
2017-04-22 17:02:06,101 [Worker-24] WARN  o.e.m.c.i.embedder.EclipseLogger - The POM for io.netty:netty-all:jar:4.1.9 is missing, no dependency information available
2017-04-22 17:02:14,549 [Worker-24] INFO  o.e.m.c.i.e.AbstractTransferListenerAdapter - Downloaded http://gec-maven-nexus.walmart.com/nexus/content/groups/public/io/netty/netty-all/4.1.9/netty-all-4.1.9.jar
2017-04-22 17:02:14,977 [Worker-24] WARN  o.e.m.c.i.embedder.EclipseLogger - Using platform encoding (UTF-8 actually) to copy filtered resources, i.e. build is platform dependent!
2017-04-22 17:02:14,983 [Worker-24] INFO  o.e.m.c.i.embedder.EclipseLogger - Copying 0 resource
2017-04-22 17:02:14,986 [Worker-24] WARN  o.e.m.c.i.embedder.EclipseLogger - Using platform encoding (UTF-8 actually) to copy filtered resources, i.e. build is platform dependent!
2017-04-22 17:02:14,986 [Worker-24] INFO  o.e.m.c.i.embedder.EclipseLogger - Copying 0 resource
2017-04-22 17:11:21,267 [Worker-33] INFO  o.e.m.c.i.p.ProjectConfigurationManager - Update started
2017-04-22 17:11:21,498 [Worker-33] INFO  o.e.m.c.i.l.LifecycleMappingFactory - Using org.eclipse.m2e.jdt.JarLifecycleMapping lifecycle mapping for MavenProject: java.networking:netty.chat:0.0.1-SNAPSHOT @ /Users/sghosh8/learning/Languages/Languages/eclipse-workspace/netty.chat/pom.xml.
2017-04-22 17:11:21,499 [Worker-33] WARN  o.e.m.c.i.embedder.EclipseLogger - The POM for io.netty:netty-all:jar:4.1.9 is missing, no dependency information available
2017-04-22 17:11:21,595 [Worker-33] INFO  o.e.m.j.i.AbstractJavaProjectConfigurator - Adding source folder /netty.chat/src/main/java
2017-04-22 17:11:21,596 [Worker-33] INFO  o.e.m.j.i.AbstractJavaProjectConfigurator - Adding resource folder /netty.chat/src/main/resources
2017-04-22 17:11:21,596 [Worker-33] INFO  o.e.m.j.i.AbstractJavaProjectConfigurator - Adding source folder /netty.chat/src/test/java
2017-04-22 17:11:21,596 [Worker-33] INFO  o.e.m.j.i.AbstractJavaProjectConfigurator - Adding resource folder /netty.chat/src/test/resources
2017-04-22 17:11:21,665 [Worker-33] INFO  o.e.m.c.i.p.ProjectConfigurationManager - Update completed: 0 sec
2017-04-22 17:11:21,779 [Worker-34] WARN  o.e.m.c.i.embedder.EclipseLogger - The POM for io.netty:netty-all:jar:4.1.9 is missing, no dependency information available
2017-04-22 17:11:21,798 [Worker-34] WARN  o.e.m.c.i.embedder.EclipseLogger - Using platform encoding (UTF-8 actually) to copy filtered resources, i.e. build is platform dependent!
2017-04-22 17:11:21,798 [Worker-34] INFO  o.e.m.c.i.embedder.EclipseLogger - Copying 0 resource
2017-04-22 17:11:21,800 [Worker-34] WARN  o.e.m.c.i.embedder.EclipseLogger - Using platform encoding (UTF-8 actually) to copy filtered resources, i.e. build is platform dependent!
2017-04-22 17:11:21,800 [Worker-34] INFO  o.e.m.c.i.embedder.EclipseLogger - Copying 0 resource
2017-04-22 17:12:04,684 [Worker-34] INFO  o.e.m.c.i.l.LifecycleMappingFactory - Using org.eclipse.m2e.jdt.JarLifecycleMapping lifecycle mapping for MavenProject: java.networking:netty.chat:0.0.1-SNAPSHOT @ /Users/sghosh8/learning/Languages/Languages/eclipse-workspace/netty.chat/pom.xml.
2017-04-22 17:12:06,576 [Worker-34] INFO  o.e.m.c.i.e.AbstractTransferListenerAdapter - Downloading http://gec-maven-nexus.walmart.com/nexus/content/groups/public/io/netty/netty-all/4.1.9.Final/netty-all-4.1.9.Final.pom
2017-04-22 17:12:07,527 [Worker-34] INFO  o.e.m.c.i.e.AbstractTransferListenerAdapter - Downloaded http://gec-maven-nexus.walmart.com/nexus/content/groups/public/io/netty/netty-all/4.1.9.Final/netty-all-4.1.9.Final.pom
2017-04-22 17:12:07,916 [Worker-34] INFO  o.e.m.c.i.e.AbstractTransferListenerAdapter - Downloading http://gec-maven-nexus.walmart.com/nexus/content/groups/public/io/netty/netty-parent/4.1.9.Final/netty-parent-4.1.9.Final.pom
2017-04-22 17:12:08,741 [Worker-34] INFO  o.e.m.c.i.e.AbstractTransferListenerAdapter - Downloaded http://gec-maven-nexus.walmart.com/nexus/content/groups/public/io/netty/netty-parent/4.1.9.Final/netty-parent-4.1.9.Final.pom
2017-04-22 17:12:09,453 [Worker-34] INFO  o.e.m.c.i.e.AbstractTransferListenerAdapter - Downloading http://gec-maven-nexus.walmart.com/nexus/content/groups/public/io/netty/netty-all/4.1.9.Final/netty-all-4.1.9.Final.jar
2017-04-22 17:12:18,874 [Worker-34] INFO  o.e.m.c.i.e.AbstractTransferListenerAdapter - Downloaded http://gec-maven-nexus.walmart.com/nexus/content/groups/public/io/netty/netty-all/4.1.9.Final/netty-all-4.1.9.Final.jar
2017-04-22 17:12:18,967 [Worker-34] WARN  o.e.m.c.i.embedder.EclipseLogger - Using platform encoding (UTF-8 actually) to copy filtered resources, i.e. build is platform dependent!
2017-04-22 17:12:18,970 [Worker-34] INFO  o.e.m.c.i.embedder.EclipseLogger - Copying 0 resource
2017-04-22 17:12:18,972 [Worker-34] WARN  o.e.m.c.i.embedder.EclipseLogger - Using platform encoding (UTF-8 actually) to copy filtered resources, i.e. build is platform dependent!
2017-04-22 17:12:18,973 [Worker-34] INFO  o.e.m.c.i.embedder.EclipseLogger - Copying 0 resource
2017-04-22 17:12:20,452 [Worker-18] WARN  o.e.m.c.i.embedder.EclipseLogger - Using platform encoding (UTF-8 actually) to copy filtered resources, i.e. build is platform dependent!
2017-04-22 17:12:20,456 [Worker-18] INFO  o.e.m.c.i.embedder.EclipseLogger - Copying 0 resource
2017-04-22 17:12:20,457 [Worker-18] WARN  o.e.m.c.i.embedder.EclipseLogger - Using platform encoding (UTF-8 actually) to copy filtered resources, i.e. build is platform dependent!
2017-04-22 17:12:20,457 [Worker-18] INFO  o.e.m.c.i.embedder.EclipseLogger - Copying 0 resource
2017-04-22 17:13:15,286 [Worker-36] WARN  o.e.m.c.i.embedder.EclipseLogger - Using platform encoding (UTF-8 actually) to copy filtered resources, i.e. build is platform dependent!
2017-04-22 17:13:15,287 [Worker-36] INFO  o.e.m.c.i.embedder.EclipseLogger - Copying 0 resource
2017-04-22 17:13:15,288 [Worker-36] WARN  o.e.m.c.i.embedder.EclipseLogger - Using platform encoding (UTF-8 actually) to copy filtered resources, i.e. build is platform dependent!
2017-04-22 17:13:15,288 [Worker-36] INFO  o.e.m.c.i.embedder.EclipseLogger - Copying 0 resource
2017-04-22 17:13:16,302 [Worker-35] WARN  o.e.m.c.i.embedder.EclipseLogger - Using platform encoding (UTF-8 actually) to copy filtered resources, i.e. build is platform dependent!
2017-04-22 17:13:16,303 [Worker-35] INFO  o.e.m.c.i.embedder.EclipseLogger - Copying 0 resource
2017-04-22 17:13:16,304 [Worker-35] WARN  o.e.m.c.i.embedder.EclipseLogger - Using platform encoding (UTF-8 actually) to copy filtered resources, i.e. build is platform dependent!
2017-04-22 17:13:16,305 [Worker-35] INFO  o.e.m.c.i.embedder.EclipseLogger - Copying 0 resource
2017-04-22 17:18:55,146 [Worker-40] WARN  o.e.m.c.i.embedder.EclipseLogger - Using platform encoding (UTF-8 actually) to copy filtered resources, i.e. build is platform dependent!
2017-04-22 17:18:55,147 [Worker-40] INFO  o.e.m.c.i.embedder.EclipseLogger - Copying 0 resource
2017-04-22 17:18:55,148 [Worker-40] WARN  o.e.m.c.i.embedder.EclipseLogger - Using platform encoding (UTF-8 actually) to copy filtered resources, i.e. build is platform dependent!
2017-04-22 17:18:55,148 [Worker-40] INFO  o.e.m.c.i.embedder.EclipseLogger - Copying 0 resource
2017-04-22 18:29:29,179 [Worker-73] WARN  o.e.m.c.i.embedder.EclipseLogger - Using platform encoding (UTF-8 actually) to copy filtered resources, i.e. build is platform dependent!
2017-04-22 18:29:29,180 [Worker-73] INFO  o.e.m.c.i.embedder.EclipseLogger - Copying 0 resource
2017-04-22 18:29:29,181 [Worker-73] WARN  o.e.m.c.i.embedder.EclipseLogger - Using platform encoding (UTF-8 actually) to copy filtered resources, i.e. build is platform dependent!
2017-04-22 18:29:29,181 [Worker-73] INFO  o.e.m.c.i.embedder.EclipseLogger - Copying 0 resource
2017-04-22 18:32:38,587 [Worker-68] WARN  o.e.m.c.i.embedder.EclipseLogger - Using platform encoding (UTF-8 actually) to copy filtered resources, i.e. build is platform dependent!
2017-04-22 18:32:38,588 [Worker-68] INFO  o.e.m.c.i.embedder.EclipseLogger - Copying 0 resource
2017-04-22 18:32:38,588 [Worker-68] WARN  o.e.m.c.i.embedder.EclipseLogger - Using platform encoding (UTF-8 actually) to copy filtered resources, i.e. build is platform dependent!
2017-04-22 18:32:38,589 [Worker-68] INFO  o.e.m.c.i.embedder.EclipseLogger - Copying 0 resource
2017-04-22 18:35:08,017 [Worker-69] WARN  o.e.m.c.i.embedder.EclipseLogger - Using platform encoding (UTF-8 actually) to copy filtered resources, i.e. build is platform dependent!
2017-04-22 18:35:08,017 [Worker-69] INFO  o.e.m.c.i.embedder.EclipseLogger - Copying 0 resource
2017-04-22 18:35:08,019 [Worker-69] WARN  o.e.m.c.i.embedder.EclipseLogger - Using platform encoding (UTF-8 actually) to copy filtered resources, i.e. build is platform dependent!
2017-04-22 18:35:08,019 [Worker-69] INFO  o.e.m.c.i.embedder.EclipseLogger - Copying 0 resource
2017-04-22 18:36:57,749 [Worker-63] WARN  o.e.m.c.i.embedder.EclipseLogger - Using platform encoding (UTF-8 actually) to copy filtered resources, i.e. build is platform dependent!
2017-04-22 18:36:57,750 [Worker-63] INFO  o.e.m.c.i.embedder.EclipseLogger - Copying 0 resource
2017-04-22 18:36:57,751 [Worker-63] WARN  o.e.m.c.i.embedder.EclipseLogger - Using platform encoding (UTF-8 actually) to copy filtered resources, i.e. build is platform dependent!
2017-04-22 18:36:57,751 [Worker-63] INFO  o.e.m.c.i.embedder.EclipseLogger - Copying 0 resource
2017-04-22 18:37:10,759 [Worker-68] WARN  o.e.m.c.i.embedder.EclipseLogger - Using platform encoding (UTF-8 actually) to copy filtered resources, i.e. build is platform dependent!
2017-04-22 18:37:10,760 [Worker-68] INFO  o.e.m.c.i.embedder.EclipseLogger - Copying 0 resource
2017-04-22 18:37:10,761 [Worker-68] WARN  o.e.m.c.i.embedder.EclipseLogger - Using platform encoding (UTF-8 actually) to copy filtered resources, i.e. build is platform dependent!
2017-04-22 18:37:10,761 [Worker-68] INFO  o.e.m.c.i.embedder.EclipseLogger - Copying 0 resource
2017-04-22 18:38:04,544 [Worker-71] WARN  o.e.m.c.i.embedder.EclipseLogger - Using platform encoding (UTF-8 actually) to copy filtered resources, i.e. build is platform dependent!
2017-04-22 18:38:04,544 [Worker-71] INFO  o.e.m.c.i.embedder.EclipseLogger - Copying 0 resource
2017-04-22 18:38:04,545 [Worker-71] WARN  o.e.m.c.i.embedder.EclipseLogger - Using platform encoding (UTF-8 actually) to copy filtered resources, i.e. build is platform dependent!
2017-04-22 18:38:04,546 [Worker-71] INFO  o.e.m.c.i.embedder.EclipseLogger - Copying 0 resource
2017-04-22 18:41:16,324 [Worker-75] WARN  o.e.m.c.i.embedder.EclipseLogger - Using platform encoding (UTF-8 actually) to copy filtered resources, i.e. build is platform dependent!
2017-04-22 18:41:16,325 [Worker-75] INFO  o.e.m.c.i.embedder.EclipseLogger - Copying 0 resource
2017-04-22 18:41:16,326 [Worker-75] WARN  o.e.m.c.i.embedder.EclipseLogger - Using platform encoding (UTF-8 actually) to copy filtered resources, i.e. build is platform dependent!
2017-04-22 18:41:16,326 [Worker-75] INFO  o.e.m.c.i.embedder.EclipseLogger - Copying 0 resource
2017-04-22 18:43:45,772 [Worker-79] WARN  o.e.m.c.i.embedder.EclipseLogger - Using platform encoding (UTF-8 actually) to copy filtered resources, i.e. build is platform dependent!
2017-04-22 18:43:45,772 [Worker-79] INFO  o.e.m.c.i.embedder.EclipseLogger - Copying 0 resource
2017-04-22 18:43:45,773 [Worker-79] WARN  o.e.m.c.i.embedder.EclipseLogger - Using platform encoding (UTF-8 actually) to copy filtered resources, i.e. build is platform dependent!
2017-04-22 18:43:45,773 [Worker-79] INFO  o.e.m.c.i.embedder.EclipseLogger - Copying 0 resource
2017-04-22 18:44:11,193 [Worker-75] WARN  o.e.m.c.i.embedder.EclipseLogger - Using platform encoding (UTF-8 actually) to copy filtered resources, i.e. build is platform dependent!
2017-04-22 18:44:11,193 [Worker-75] INFO  o.e.m.c.i.embedder.EclipseLogger - Copying 0 resource
2017-04-22 18:44:11,194 [Worker-75] WARN  o.e.m.c.i.embedder.EclipseLogger - Using platform encoding (UTF-8 actually) to copy filtered resources, i.e. build is platform dependent!
2017-04-22 18:44:11,195 [Worker-75] INFO  o.e.m.c.i.embedder.EclipseLogger - Copying 0 resource
2017-04-22 18:44:59,317 [Worker-79] WARN  o.e.m.c.i.embedder.EclipseLogger - Using platform encoding (UTF-8 actually) to copy filtered resources, i.e. build is platform dependent!
2017-04-22 18:44:59,318 [Worker-79] INFO  o.e.m.c.i.embedder.EclipseLogger - Copying 0 resource
2017-04-22 18:44:59,318 [Worker-79] WARN  o.e.m.c.i.embedder.EclipseLogger - Using platform encoding (UTF-8 actually) to copy filtered resources, i.e. build is platform dependent!
2017-04-22 18:44:59,319 [Worker-79] INFO  o.e.m.c.i.embedder.EclipseLogger - Copying 0 resource
2017-04-22 18:50:14,888 [Worker-80] WARN  o.e.m.c.i.embedder.EclipseLogger - Using platform encoding (UTF-8 actually) to copy filtered resources, i.e. build is platform dependent!
2017-04-22 18:50:14,888 [Worker-80] INFO  o.e.m.c.i.embedder.EclipseLogger - Copying 0 resource
2017-04-22 18:50:14,890 [Worker-80] WARN  o.e.m.c.i.embedder.EclipseLogger - Using platform encoding (UTF-8 actually) to copy filtered resources, i.e. build is platform dependent!
2017-04-22 18:50:14,891 [Worker-80] INFO  o.e.m.c.i.embedder.EclipseLogger - Copying 0 resource
2017-04-22 18:50:20,324 [Worker-79] WARN  o.e.m.c.i.embedder.EclipseLogger - Using platform encoding (UTF-8 actually) to copy filtered resources, i.e. build is platform dependent!
2017-04-22 18:50:20,324 [Worker-79] INFO  o.e.m.c.i.embedder.EclipseLogger - Copying 0 resource
2017-04-22 18:50:20,325 [Worker-79] WARN  o.e.m.c.i.embedder.EclipseLogger - Using platform encoding (UTF-8 actually) to copy filtered resources, i.e. build is platform dependent!
2017-04-22 18:50:20,325 [Worker-79] INFO  o.e.m.c.i.embedder.EclipseLogger - Copying 0 resource
2017-04-22 18:52:58,226 [Worker-82] WARN  o.e.m.c.i.embedder.EclipseLogger - Using platform encoding (UTF-8 actually) to copy filtered resources, i.e. build is platform dependent!
2017-04-22 18:52:58,226 [Worker-82] INFO  o.e.m.c.i.embedder.EclipseLogger - Copying 0 resource
2017-04-22 18:52:58,227 [Worker-82] WARN  o.e.m.c.i.embedder.EclipseLogger - Using platform encoding (UTF-8 actually) to copy filtered resources, i.e. build is platform dependent!
2017-04-22 18:52:58,227 [Worker-82] INFO  o.e.m.c.i.embedder.EclipseLogger - Copying 0 resource
2017-04-22 18:58:53,337 [Worker-76] WARN  o.e.m.c.i.embedder.EclipseLogger - Using platform encoding (UTF-8 actually) to copy filtered resources, i.e. build is platform dependent!
2017-04-22 18:58:53,337 [Worker-76] INFO  o.e.m.c.i.embedder.EclipseLogger - Copying 0 resource
2017-04-22 18:58:53,338 [Worker-76] WARN  o.e.m.c.i.embedder.EclipseLogger - Using platform encoding (UTF-8 actually) to copy filtered resources, i.e. build is platform dependent!
2017-04-22 18:58:53,338 [Worker-76] INFO  o.e.m.c.i.embedder.EclipseLogger - Copying 0 resource
2017-04-22 19:01:31,397 [Worker-89] WARN  o.e.m.c.i.embedder.EclipseLogger - Using platform encoding (UTF-8 actually) to copy filtered resources, i.e. build is platform dependent!
2017-04-22 19:01:31,398 [Worker-89] INFO  o.e.m.c.i.embedder.EclipseLogger - Copying 0 resource
2017-04-22 19:01:31,399 [Worker-89] WARN  o.e.m.c.i.embedder.EclipseLogger - Using platform encoding (UTF-8 actually) to copy filtered resources, i.e. build is platform dependent!
2017-04-22 19:01:31,399 [Worker-89] INFO  o.e.m.c.i.embedder.EclipseLogger - Copying 0 resource
2017-04-22 19:02:26,495 [Worker-85] WARN  o.e.m.c.i.embedder.EclipseLogger - Using platform encoding (UTF-8 actually) to copy filtered resources, i.e. build is platform dependent!
2017-04-22 19:02:26,496 [Worker-85] INFO  o.e.m.c.i.embedder.EclipseLogger - Copying 0 resource
2017-04-22 19:02:26,496 [Worker-85] WARN  o.e.m.c.i.embedder.EclipseLogger - Using platform encoding (UTF-8 actually) to copy filtered resources, i.e. build is platform dependent!
2017-04-22 19:02:26,497 [Worker-85] INFO  o.e.m.c.i.embedder.EclipseLogger - Copying 0 resource
2017-04-22 19:37:17,629 [Worker-99] WARN  o.e.m.c.i.embedder.EclipseLogger - Using platform encoding (UTF-8 actually) to copy filtered resources, i.e. build is platform dependent!
2017-04-22 19:37:17,630 [Worker-99] INFO  o.e.m.c.i.embedder.EclipseLogger - Copying 0 resource
2017-04-22 19:37:17,631 [Worker-99] WARN  o.e.m.c.i.embedder.EclipseLogger - Using platform encoding (UTF-8 actually) to copy filtered resources, i.e. build is platform dependent!
2017-04-22 19:37:17,631 [Worker-99] INFO  o.e.m.c.i.embedder.EclipseLogger - Copying 0 resource
2017-04-22 19:37:36,752 [Worker-99] WARN  o.e.m.c.i.embedder.EclipseLogger - Using platform encoding (UTF-8 actually) to copy filtered resources, i.e. build is platform dependent!
2017-04-22 19:37:36,753 [Worker-99] INFO  o.e.m.c.i.embedder.EclipseLogger - Copying 0 resource
2017-04-22 19:37:36,753 [Worker-99] WARN  o.e.m.c.i.embedder.EclipseLogger - Using platform encoding (UTF-8 actually) to copy filtered resources, i.e. build is platform dependent!
2017-04-22 19:37:36,754 [Worker-99] INFO  o.e.m.c.i.embedder.EclipseLogger - Copying 0 resource
2017-04-22 19:38:11,242 [Worker-104] WARN  o.e.m.c.i.embedder.EclipseLogger - Using platform encoding (UTF-8 actually) to copy filtered resources, i.e. build is platform dependent!
2017-04-22 19:38:11,243 [Worker-104] INFO  o.e.m.c.i.embedder.EclipseLogger - Copying 0 resource
2017-04-22 19:38:11,243 [Worker-104] WARN  o.e.m.c.i.embedder.EclipseLogger - Using platform encoding (UTF-8 actually) to copy filtered resources, i.e. build is platform dependent!
2017-04-22 19:38:11,243 [Worker-104] INFO  o.e.m.c.i.embedder.EclipseLogger - Copying 0 resource
2017-04-22 19:40:37,747 [Worker-109] WARN  o.e.m.c.i.embedder.EclipseLogger - Using platform encoding (UTF-8 actually) to copy filtered resources, i.e. build is platform dependent!
2017-04-22 19:40:37,748 [Worker-109] INFO  o.e.m.c.i.embedder.EclipseLogger - Copying 0 resource
2017-04-22 19:40:37,748 [Worker-109] WARN  o.e.m.c.i.embedder.EclipseLogger - Using platform encoding (UTF-8 actually) to copy filtered resources, i.e. build is platform dependent!
2017-04-22 19:40:37,749 [Worker-109] INFO  o.e.m.c.i.embedder.EclipseLogger - Copying 0 resource
2017-04-22 19:44:17,745 [Worker-109] WARN  o.e.m.c.i.embedder.EclipseLogger - Using platform encoding (UTF-8 actually) to copy filtered resources, i.e. build is platform dependent!
2017-04-22 19:44:17,746 [Worker-109] INFO  o.e.m.c.i.embedder.EclipseLogger - Copying 0 resource
2017-04-22 19:44:17,747 [Worker-109] WARN  o.e.m.c.i.embedder.EclipseLogger - Using platform encoding (UTF-8 actually) to copy filtered resources, i.e. build is platform dependent!
2017-04-22 19:44:17,747 [Worker-109] INFO  o.e.m.c.i.embedder.EclipseLogger - Copying 0 resource
2017-04-22 19:46:00,336 [Worker-109] WARN  o.e.m.c.i.embedder.EclipseLogger - Using platform encoding (UTF-8 actually) to copy filtered resources, i.e. build is platform dependent!
2017-04-22 19:46:00,337 [Worker-109] INFO  o.e.m.c.i.embedder.EclipseLogger - Copying 0 resource
2017-04-22 19:46:00,338 [Worker-109] WARN  o.e.m.c.i.embedder.EclipseLogger - Using platform encoding (UTF-8 actually) to copy filtered resources, i.e. build is platform dependent!
2017-04-22 19:46:00,338 [Worker-109] INFO  o.e.m.c.i.embedder.EclipseLogger - Copying 0 resource
2017-04-22 19:46:53,443 [Worker-102] WARN  o.e.m.c.i.embedder.EclipseLogger - Using platform encoding (UTF-8 actually) to copy filtered resources, i.e. build is platform dependent!
2017-04-22 19:46:53,444 [Worker-102] INFO  o.e.m.c.i.embedder.EclipseLogger - Copying 0 resource
2017-04-22 19:46:53,444 [Worker-102] WARN  o.e.m.c.i.embedder.EclipseLogger - Using platform encoding (UTF-8 actually) to copy filtered resources, i.e. build is platform dependent!
2017-04-22 19:46:53,444 [Worker-102] INFO  o.e.m.c.i.embedder.EclipseLogger - Copying 0 resource
2017-04-22 19:47:22,637 [Worker-104] WARN  o.e.m.c.i.embedder.EclipseLogger - Using platform encoding (UTF-8 actually) to copy filtered resources, i.e. build is platform dependent!
2017-04-22 19:47:22,638 [Worker-104] INFO  o.e.m.c.i.embedder.EclipseLogger - Copying 0 resource
2017-04-22 19:47:22,639 [Worker-104] WARN  o.e.m.c.i.embedder.EclipseLogger - Using platform encoding (UTF-8 actually) to copy filtered resources, i.e. build is platform dependent!
2017-04-22 19:47:22,639 [Worker-104] INFO  o.e.m.c.i.embedder.EclipseLogger - Copying 0 resource
2017-04-22 19:47:30,839 [Worker-104] WARN  o.e.m.c.i.embedder.EclipseLogger - Using platform encoding (UTF-8 actually) to copy filtered resources, i.e. build is platform dependent!
2017-04-22 19:47:30,840 [Worker-104] INFO  o.e.m.c.i.embedder.EclipseLogger - Copying 0 resource
2017-04-22 19:47:30,841 [Worker-104] WARN  o.e.m.c.i.embedder.EclipseLogger - Using platform encoding (UTF-8 actually) to copy filtered resources, i.e. build is platform dependent!
2017-04-22 19:47:30,841 [Worker-104] INFO  o.e.m.c.i.embedder.EclipseLogger - Copying 0 resource
2017-04-22 19:48:39,041 [Worker-102] WARN  o.e.m.c.i.embedder.EclipseLogger - Using platform encoding (UTF-8 actually) to copy filtered resources, i.e. build is platform dependent!
2017-04-22 19:48:39,042 [Worker-102] INFO  o.e.m.c.i.embedder.EclipseLogger - Copying 0 resource
2017-04-22 19:48:39,043 [Worker-102] WARN  o.e.m.c.i.embedder.EclipseLogger - Using platform encoding (UTF-8 actually) to copy filtered resources, i.e. build is platform dependent!
2017-04-22 19:48:39,043 [Worker-102] INFO  o.e.m.c.i.embedder.EclipseLogger - Copying 0 resource
2017-04-22 19:49:15,663 [Worker-112] WARN  o.e.m.c.i.embedder.EclipseLogger - Using platform encoding (UTF-8 actually) to copy filtered resources, i.e. build is platform dependent!
2017-04-22 19:49:15,663 [Worker-112] INFO  o.e.m.c.i.embedder.EclipseLogger - Copying 0 resource
2017-04-22 19:49:15,664 [Worker-112] WARN  o.e.m.c.i.embedder.EclipseLogger - Using platform encoding (UTF-8 actually) to copy filtered resources, i.e. build is platform dependent!
2017-04-22 19:49:15,664 [Worker-112] INFO  o.e.m.c.i.embedder.EclipseLogger - Copying 0 resource
2017-04-22 19:50:38,525 [Worker-111] WARN  o.e.m.c.i.embedder.EclipseLogger - Using platform encoding (UTF-8 actually) to copy filtered resources, i.e. build is platform dependent!
2017-04-22 19:50:38,525 [Worker-111] INFO  o.e.m.c.i.embedder.EclipseLogger - Copying 0 resource
2017-04-22 19:50:38,526 [Worker-111] WARN  o.e.m.c.i.embedder.EclipseLogger - Using platform encoding (UTF-8 actually) to copy filtered resources, i.e. build is platform dependent!
2017-04-22 19:50:38,526 [Worker-111] INFO  o.e.m.c.i.embedder.EclipseLogger - Copying 0 resource
2017-04-22 19:51:00,333 [Worker-99] WARN  o.e.m.c.i.embedder.EclipseLogger - Using platform encoding (UTF-8 actually) to copy filtered resources, i.e. build is platform dependent!
2017-04-22 19:51:00,334 [Worker-99] INFO  o.e.m.c.i.embedder.EclipseLogger - Copying 0 resource
2017-04-22 19:51:00,334 [Worker-99] WARN  o.e.m.c.i.embedder.EclipseLogger - Using platform encoding (UTF-8 actually) to copy filtered resources, i.e. build is platform dependent!
2017-04-22 19:51:00,335 [Worker-99] INFO  o.e.m.c.i.embedder.EclipseLogger - Copying 0 resource
2017-04-22 19:51:45,230 [Worker-107] WARN  o.e.m.c.i.embedder.EclipseLogger - Using platform encoding (UTF-8 actually) to copy filtered resources, i.e. build is platform dependent!
2017-04-22 19:51:45,231 [Worker-107] INFO  o.e.m.c.i.embedder.EclipseLogger - Copying 0 resource
2017-04-22 19:51:45,232 [Worker-107] WARN  o.e.m.c.i.embedder.EclipseLogger - Using platform encoding (UTF-8 actually) to copy filtered resources, i.e. build is platform dependent!
2017-04-22 19:51:45,232 [Worker-107] INFO  o.e.m.c.i.embedder.EclipseLogger - Copying 0 resource
2017-04-22 19:52:37,454 [Worker-111] WARN  o.e.m.c.i.embedder.EclipseLogger - Using platform encoding (UTF-8 actually) to copy filtered resources, i.e. build is platform dependent!
2017-04-22 19:52:37,455 [Worker-111] INFO  o.e.m.c.i.embedder.EclipseLogger - Copying 0 resource
2017-04-22 19:52:37,456 [Worker-111] WARN  o.e.m.c.i.embedder.EclipseLogger - Using platform encoding (UTF-8 actually) to copy filtered resources, i.e. build is platform dependent!
2017-04-22 19:52:37,456 [Worker-111] INFO  o.e.m.c.i.embedder.EclipseLogger - Copying 0 resource
2017-04-22 19:53:08,219 [Worker-99] WARN  o.e.m.c.i.embedder.EclipseLogger - Using platform encoding (UTF-8 actually) to copy filtered resources, i.e. build is platform dependent!
2017-04-22 19:53:08,219 [Worker-99] INFO  o.e.m.c.i.embedder.EclipseLogger - Copying 0 resource
2017-04-22 19:53:08,220 [Worker-99] WARN  o.e.m.c.i.embedder.EclipseLogger - Using platform encoding (UTF-8 actually) to copy filtered resources, i.e. build is platform dependent!
2017-04-22 19:53:08,220 [Worker-99] INFO  o.e.m.c.i.embedder.EclipseLogger - Copying 0 resource
2017-04-22 19:53:48,235 [Worker-109] WARN  o.e.m.c.i.embedder.EclipseLogger - Using platform encoding (UTF-8 actually) to copy filtered resources, i.e. build is platform dependent!
2017-04-22 19:53:48,235 [Worker-109] INFO  o.e.m.c.i.embedder.EclipseLogger - Copying 0 resource
2017-04-22 19:53:48,236 [Worker-109] WARN  o.e.m.c.i.embedder.EclipseLogger - Using platform encoding (UTF-8 actually) to copy filtered resources, i.e. build is platform dependent!
2017-04-22 19:53:48,236 [Worker-109] INFO  o.e.m.c.i.embedder.EclipseLogger - Copying 0 resource
2017-04-22 19:56:20,057 [Worker-99] WARN  o.e.m.c.i.embedder.EclipseLogger - Using platform encoding (UTF-8 actually) to copy filtered resources, i.e. build is platform dependent!
2017-04-22 19:56:20,058 [Worker-99] INFO  o.e.m.c.i.embedder.EclipseLogger - Copying 0 resource
2017-04-22 19:56:20,058 [Worker-99] WARN  o.e.m.c.i.embedder.EclipseLogger - Using platform encoding (UTF-8 actually) to copy filtered resources, i.e. build is platform dependent!
2017-04-22 19:56:20,059 [Worker-99] INFO  o.e.m.c.i.embedder.EclipseLogger - Copying 0 resource
2017-04-22 20:05:05,337 [Worker-114] WARN  o.e.m.c.i.embedder.EclipseLogger - Using platform encoding (UTF-8 actually) to copy filtered resources, i.e. build is platform dependent!
2017-04-22 20:05:05,338 [Worker-114] INFO  o.e.m.c.i.embedder.EclipseLogger - Copying 0 resource
2017-04-22 20:05:05,339 [Worker-114] WARN  o.e.m.c.i.embedder.EclipseLogger - Using platform encoding (UTF-8 actually) to copy filtered resources, i.e. build is platform dependent!
2017-04-22 20:05:05,339 [Worker-114] INFO  o.e.m.c.i.embedder.EclipseLogger - Copying 0 resource
2017-04-22 20:06:33,511 [Worker-118] WARN  o.e.m.c.i.embedder.EclipseLogger - Using platform encoding (UTF-8 actually) to copy filtered resources, i.e. build is platform dependent!
2017-04-22 20:06:33,512 [Worker-118] INFO  o.e.m.c.i.embedder.EclipseLogger - Copying 0 resource
2017-04-22 20:06:33,513 [Worker-118] WARN  o.e.m.c.i.embedder.EclipseLogger - Using platform encoding (UTF-8 actually) to copy filtered resources, i.e. build is platform dependent!
2017-04-22 20:06:33,513 [Worker-118] INFO  o.e.m.c.i.embedder.EclipseLogger - Copying 0 resource
2017-04-22 20:07:31,056 [Worker-118] WARN  o.e.m.c.i.embedder.EclipseLogger - Using platform encoding (UTF-8 actually) to copy filtered resources, i.e. build is platform dependent!
2017-04-22 20:07:31,057 [Worker-118] INFO  o.e.m.c.i.embedder.EclipseLogger - Copying 0 resource
2017-04-22 20:07:31,057 [Worker-118] WARN  o.e.m.c.i.embedder.EclipseLogger - Using platform encoding (UTF-8 actually) to copy filtered resources, i.e. build is platform dependent!
2017-04-22 20:07:31,057 [Worker-118] INFO  o.e.m.c.i.embedder.EclipseLogger - Copying 0 resource
2017-04-22 20:08:12,677 [Worker-121] WARN  o.e.m.c.i.embedder.EclipseLogger - Using platform encoding (UTF-8 actually) to copy filtered resources, i.e. build is platform dependent!
2017-04-22 20:08:12,677 [Worker-121] INFO  o.e.m.c.i.embedder.EclipseLogger - Copying 0 resource
2017-04-22 20:08:12,678 [Worker-121] WARN  o.e.m.c.i.embedder.EclipseLogger - Using platform encoding (UTF-8 actually) to copy filtered resources, i.e. build is platform dependent!
2017-04-22 20:08:12,678 [Worker-121] INFO  o.e.m.c.i.embedder.EclipseLogger - Copying 0 resource
2017-04-22 20:17:35,528 [Worker-132] WARN  o.e.m.c.i.embedder.EclipseLogger - Using platform encoding (UTF-8 actually) to copy filtered resources, i.e. build is platform dependent!
2017-04-22 20:17:35,529 [Worker-132] INFO  o.e.m.c.i.embedder.EclipseLogger - Copying 0 resource
2017-04-22 20:17:35,529 [Worker-132] WARN  o.e.m.c.i.embedder.EclipseLogger - Using platform encoding (UTF-8 actually) to copy filtered resources, i.e. build is platform dependent!
2017-04-22 20:17:35,530 [Worker-132] INFO  o.e.m.c.i.embedder.EclipseLogger - Copying 0 resource
2017-04-22 20:17:58,769 [Worker-135] WARN  o.e.m.c.i.embedder.EclipseLogger - Using platform encoding (UTF-8 actually) to copy filtered resources, i.e. build is platform dependent!
2017-04-22 20:17:58,770 [Worker-135] INFO  o.e.m.c.i.embedder.EclipseLogger - Copying 0 resource
2017-04-22 20:17:58,771 [Worker-135] WARN  o.e.m.c.i.embedder.EclipseLogger - Using platform encoding (UTF-8 actually) to copy filtered resources, i.e. build is platform dependent!
2017-04-22 20:17:58,771 [Worker-135] INFO  o.e.m.c.i.embedder.EclipseLogger - Copying 0 resource
2017-04-22 20:18:23,023 [Worker-126] WARN  o.e.m.c.i.embedder.EclipseLogger - Using platform encoding (UTF-8 actually) to copy filtered resources, i.e. build is platform dependent!
2017-04-22 20:18:23,024 [Worker-126] INFO  o.e.m.c.i.embedder.EclipseLogger - Copying 0 resource
2017-04-22 20:18:23,025 [Worker-126] WARN  o.e.m.c.i.embedder.EclipseLogger - Using platform encoding (UTF-8 actually) to copy filtered resources, i.e. build is platform dependent!
2017-04-22 20:18:23,025 [Worker-126] INFO  o.e.m.c.i.embedder.EclipseLogger - Copying 0 resource
2017-04-22 20:19:44,728 [Worker-126] WARN  o.e.m.c.i.embedder.EclipseLogger - Using platform encoding (UTF-8 actually) to copy filtered resources, i.e. build is platform dependent!
2017-04-22 20:19:44,728 [Worker-126] INFO  o.e.m.c.i.embedder.EclipseLogger - Copying 0 resource
2017-04-22 20:19:44,729 [Worker-126] WARN  o.e.m.c.i.embedder.EclipseLogger - Using platform encoding (UTF-8 actually) to copy filtered resources, i.e. build is platform dependent!
2017-04-22 20:19:44,730 [Worker-126] INFO  o.e.m.c.i.embedder.EclipseLogger - Copying 0 resource
2017-04-22 20:20:32,750 [Worker-136] WARN  o.e.m.c.i.embedder.EclipseLogger - Using platform encoding (UTF-8 actually) to copy filtered resources, i.e. build is platform dependent!
2017-04-22 20:20:32,751 [Worker-136] INFO  o.e.m.c.i.embedder.EclipseLogger - Copying 0 resource
2017-04-22 20:20:32,751 [Worker-136] WARN  o.e.m.c.i.embedder.EclipseLogger - Using platform encoding (UTF-8 actually) to copy filtered resources, i.e. build is platform dependent!
2017-04-22 20:20:32,752 [Worker-136] INFO  o.e.m.c.i.embedder.EclipseLogger - Copying 0 resource
2017-04-22 20:21:43,997 [Worker-135] WARN  o.e.m.c.i.embedder.EclipseLogger - Using platform encoding (UTF-8 actually) to copy filtered resources, i.e. build is platform dependent!
2017-04-22 20:21:43,997 [Worker-135] INFO  o.e.m.c.i.embedder.EclipseLogger - Copying 0 resource
2017-04-22 20:21:43,998 [Worker-135] WARN  o.e.m.c.i.embedder.EclipseLogger - Using platform encoding (UTF-8 actually) to copy filtered resources, i.e. build is platform dependent!
2017-04-22 20:21:43,998 [Worker-135] INFO  o.e.m.c.i.embedder.EclipseLogger - Copying 0 resource
2017-04-23 00:25:05,634 [Worker-145] WARN  o.e.m.c.i.embedder.EclipseLogger - Using platform encoding (UTF-8 actually) to copy filtered resources, i.e. build is platform dependent!
2017-04-23 00:25:05,637 [Worker-145] INFO  o.e.m.c.i.embedder.EclipseLogger - Copying 0 resource
2017-04-23 00:25:05,637 [Worker-145] WARN  o.e.m.c.i.embedder.EclipseLogger - Using platform encoding (UTF-8 actually) to copy filtered resources, i.e. build is platform dependent!
2017-04-23 00:25:05,637 [Worker-145] INFO  o.e.m.c.i.embedder.EclipseLogger - Copying 0 resource
2017-04-23 00:26:49,231 [Worker-144] WARN  o.e.m.c.i.embedder.EclipseLogger - Using platform encoding (UTF-8 actually) to copy filtered resources, i.e. build is platform dependent!
2017-04-23 00:26:49,232 [Worker-144] INFO  o.e.m.c.i.embedder.EclipseLogger - Copying 0 resource
2017-04-23 00:26:49,232 [Worker-144] WARN  o.e.m.c.i.embedder.EclipseLogger - Using platform encoding (UTF-8 actually) to copy filtered resources, i.e. build is platform dependent!
2017-04-23 00:26:49,232 [Worker-144] INFO  o.e.m.c.i.embedder.EclipseLogger - Copying 0 resource
2017-04-23 00:27:11,056 [Worker-137] WARN  o.e.m.c.i.embedder.EclipseLogger - Using platform encoding (UTF-8 actually) to copy filtered resources, i.e. build is platform dependent!
2017-04-23 00:27:11,056 [Worker-137] INFO  o.e.m.c.i.embedder.EclipseLogger - Copying 0 resource
2017-04-23 00:27:11,057 [Worker-137] WARN  o.e.m.c.i.embedder.EclipseLogger - Using platform encoding (UTF-8 actually) to copy filtered resources, i.e. build is platform dependent!
2017-04-23 00:27:11,057 [Worker-137] INFO  o.e.m.c.i.embedder.EclipseLogger - Copying 0 resource
2017-04-23 00:27:36,019 [Worker-144] WARN  o.e.m.c.i.embedder.EclipseLogger - Using platform encoding (UTF-8 actually) to copy filtered resources, i.e. build is platform dependent!
2017-04-23 00:27:36,019 [Worker-144] INFO  o.e.m.c.i.embedder.EclipseLogger - Copying 0 resource
2017-04-23 00:27:36,020 [Worker-144] WARN  o.e.m.c.i.embedder.EclipseLogger - Using platform encoding (UTF-8 actually) to copy filtered resources, i.e. build is platform dependent!
2017-04-23 00:27:36,020 [Worker-144] INFO  o.e.m.c.i.embedder.EclipseLogger - Copying 0 resource
2017-04-23 00:28:31,770 [Worker-149] WARN  o.e.m.c.i.embedder.EclipseLogger - Using platform encoding (UTF-8 actually) to copy filtered resources, i.e. build is platform dependent!
2017-04-23 00:28:31,771 [Worker-149] INFO  o.e.m.c.i.embedder.EclipseLogger - Copying 0 resource
2017-04-23 00:28:31,771 [Worker-149] WARN  o.e.m.c.i.embedder.EclipseLogger - Using platform encoding (UTF-8 actually) to copy filtered resources, i.e. build is platform dependent!
2017-04-23 00:28:31,772 [Worker-149] INFO  o.e.m.c.i.embedder.EclipseLogger - Copying 0 resource
2017-04-23 00:46:34,066 [Worker-155] WARN  o.e.m.c.i.embedder.EclipseLogger - Using platform encoding (UTF-8 actually) to copy filtered resources, i.e. build is platform dependent!
2017-04-23 00:46:34,067 [Worker-155] INFO  o.e.m.c.i.embedder.EclipseLogger - Copying 0 resource
2017-04-23 00:46:34,067 [Worker-155] WARN  o.e.m.c.i.embedder.EclipseLogger - Using platform encoding (UTF-8 actually) to copy filtered resources, i.e. build is platform dependent!
2017-04-23 00:46:34,067 [Worker-155] INFO  o.e.m.c.i.embedder.EclipseLogger - Copying 0 resource
2017-04-23 00:48:46,202 [Worker-157] WARN  o.e.m.c.i.embedder.EclipseLogger - Using platform encoding (UTF-8 actually) to copy filtered resources, i.e. build is platform dependent!
2017-04-23 00:48:46,202 [Worker-157] INFO  o.e.m.c.i.embedder.EclipseLogger - Copying 0 resource
2017-04-23 00:48:46,203 [Worker-157] WARN  o.e.m.c.i.embedder.EclipseLogger - Using platform encoding (UTF-8 actually) to copy filtered resources, i.e. build is platform dependent!
2017-04-23 00:48:46,203 [Worker-157] INFO  o.e.m.c.i.embedder.EclipseLogger - Copying 0 resource
2017-04-23 00:53:32,315 [Worker-151] WARN  o.e.m.c.i.embedder.EclipseLogger - Using platform encoding (UTF-8 actually) to copy filtered resources, i.e. build is platform dependent!
2017-04-23 00:53:32,316 [Worker-151] INFO  o.e.m.c.i.embedder.EclipseLogger - Copying 0 resource
2017-04-23 00:53:32,317 [Worker-151] WARN  o.e.m.c.i.embedder.EclipseLogger - Using platform encoding (UTF-8 actually) to copy filtered resources, i.e. build is platform dependent!
2017-04-23 00:53:32,317 [Worker-151] INFO  o.e.m.c.i.embedder.EclipseLogger - Copying 0 resource
2017-04-23 18:06:25,203 [Worker-292] INFO  o.e.m.c.i.l.LifecycleMappingFactory - Using org.eclipse.m2e.jdt.JarLifecycleMapping lifecycle mapping for MavenProject: simple.rest:simple.rest:0.0.1-SNAPSHOT @ /Users/sghosh8/learning/Languages/Languages/eclipse-workspace/simple.rest/pom.xml.
2017-04-23 18:06:25,254 [Worker-292] INFO  o.e.m.j.i.AbstractJavaProjectConfigurator - Adding source folder /simple.rest/src/main/java
2017-04-23 18:06:25,254 [Worker-292] INFO  o.e.m.j.i.AbstractJavaProjectConfigurator - Adding resource folder /simple.rest/src/main/resources
2017-04-23 18:06:25,254 [Worker-292] INFO  o.e.m.j.i.AbstractJavaProjectConfigurator - Adding source folder /simple.rest/src/test/java
2017-04-23 18:06:25,254 [Worker-292] INFO  o.e.m.j.i.AbstractJavaProjectConfigurator - Adding resource folder /simple.rest/src/test/resources
2017-04-23 18:06:25,637 [Worker-298] WARN  o.e.m.c.i.embedder.EclipseLogger - Using platform encoding (UTF-8 actually) to copy filtered resources, i.e. build is platform dependent!
2017-04-23 18:06:25,640 [Worker-298] INFO  o.e.m.c.i.embedder.EclipseLogger - Copying 0 resource
2017-04-23 18:06:25,640 [Worker-298] WARN  o.e.m.c.i.embedder.EclipseLogger - Using platform encoding (UTF-8 actually) to copy filtered resources, i.e. build is platform dependent!
2017-04-23 18:06:25,641 [Worker-298] INFO  o.e.m.c.i.embedder.EclipseLogger - Copying 0 resource
2017-04-23 18:07:03,403 [Worker-293] INFO  o.e.m.c.i.l.LifecycleMappingFactory - Using org.maven.ide.eclipse.wtp.WarLifecycleMapping lifecycle mapping for MavenProject: simple.rest.server:simple.rest.server:0.0.1-SNAPSHOT @ /Users/sghosh8/learning/Languages/Languages/eclipse-workspace/simple.rest.server/pom.xml.
2017-04-23 18:07:03,797 [Worker-293] INFO  o.e.m.j.i.AbstractJavaProjectConfigurator - Adding source folder /simple.rest.server/src/main/java
2017-04-23 18:07:03,797 [Worker-293] INFO  o.e.m.j.i.AbstractJavaProjectConfigurator - Adding resource folder /simple.rest.server/src/main/resources
2017-04-23 18:07:03,797 [Worker-293] INFO  o.e.m.j.i.AbstractJavaProjectConfigurator - Adding source folder /simple.rest.server/src/test/java
2017-04-23 18:07:03,797 [Worker-293] INFO  o.e.m.j.i.AbstractJavaProjectConfigurator - Adding resource folder /simple.rest.server/src/test/resources
2017-04-23 18:07:04,584 [Worker-296] WARN  o.e.m.c.i.embedder.EclipseLogger - Using platform encoding (UTF-8 actually) to copy filtered resources, i.e. build is platform dependent!
2017-04-23 18:07:04,585 [Worker-296] INFO  o.e.m.c.i.embedder.EclipseLogger - Copying 0 resource
2017-04-23 18:07:04,586 [Worker-296] WARN  o.e.m.c.i.embedder.EclipseLogger - Using platform encoding (UTF-8 actually) to copy filtered resources, i.e. build is platform dependent!
2017-04-23 18:07:04,586 [Worker-296] INFO  o.e.m.c.i.embedder.EclipseLogger - Copying 0 resource
2017-04-23 18:07:05,653 [Worker-292] WARN  o.e.m.c.i.embedder.EclipseLogger - Using platform encoding (UTF-8 actually) to copy filtered resources, i.e. build is platform dependent!
2017-04-23 18:07:05,654 [Worker-292] INFO  o.e.m.c.i.embedder.EclipseLogger - Copying 0 resource
2017-04-23 18:07:05,655 [Worker-292] WARN  o.e.m.c.i.embedder.EclipseLogger - Using platform encoding (UTF-8 actually) to copy filtered resources, i.e. build is platform dependent!
2017-04-23 18:07:05,655 [Worker-292] INFO  o.e.m.c.i.embedder.EclipseLogger - Copying 0 resource
2017-04-23 18:13:50,871 [Worker-11] WARN  o.e.m.c.i.embedder.EclipseLogger - Using platform encoding (UTF-8 actually) to copy filtered resources, i.e. build is platform dependent!
2017-04-23 18:13:50,883 [Worker-11] INFO  o.e.m.c.i.embedder.EclipseLogger - Copying 0 resource
2017-04-23 18:13:50,885 [Worker-11] WARN  o.e.m.c.i.embedder.EclipseLogger - Using platform encoding (UTF-8 actually) to copy filtered resources, i.e. build is platform dependent!
2017-04-23 18:13:50,886 [Worker-11] INFO  o.e.m.c.i.embedder.EclipseLogger - Copying 0 resource
2017-04-23 18:15:03,697 [Worker-15] WARN  o.e.m.c.i.embedder.EclipseLogger - Using platform encoding (UTF-8 actually) to copy filtered resources, i.e. build is platform dependent!
2017-04-23 18:15:03,702 [Worker-15] INFO  o.e.m.c.i.embedder.EclipseLogger - Copying 0 resource
2017-04-23 18:15:03,703 [Worker-15] WARN  o.e.m.c.i.embedder.EclipseLogger - Using platform encoding (UTF-8 actually) to copy filtered resources, i.e. build is platform dependent!
2017-04-23 18:15:03,703 [Worker-15] INFO  o.e.m.c.i.embedder.EclipseLogger - Copying 0 resource
2017-04-23 18:21:10,100 [ModalContext] INFO  o.e.m.c.i.e.AbstractTransferListenerAdapter - Downloaded http://gec-maven-nexus.walmart.com/nexus/content/groups/public/org/apache/maven/archetypes/maven-archetype-webapp/1.0/maven-archetype-webapp-1.0.jar
2017-04-23 18:21:26,028 [Worker-17] INFO  o.e.m.c.i.e.AbstractTransferListenerAdapter - Downloaded http://gec-maven-nexus.walmart.com/nexus/content/groups/public/org/apache/maven/archetypes/maven-archetype-webapp/1.0/maven-archetype-webapp-1.0.pom
2018-01-22 09:11:12,923 [Worker-1] INFO  c.g.t.t.d.PublishedGradleVersions - Gradle version information cache is out-of-date. Trying to update.
2018-01-22 09:11:18,993 [Worker-0] INFO  o.e.m.c.i.l.LifecycleMappingFactory - Using org.eclipse.m2e.jdt.JarLifecycleMapping lifecycle mapping for MavenProject: java.networking:netty.chat:0.0.1-SNAPSHOT @ /Users/sghosh8/sougho_confidential/eclipse-workspace-github/Languages/eclipse-workspace/netty.chat/pom.xml.
2018-01-22 09:11:20,153 [Worker-0] INFO  o.e.m.c.i.e.AbstractTransferListenerAdapter - Downloading http://gec-maven-nexus.walmart.com/nexus/content/groups/public/io/netty/netty-all/4.1.9.Final/netty-all-4.1.9.Final.pom
2018-01-22 09:11:20,901 [Worker-0] INFO  o.e.m.c.i.e.AbstractTransferListenerAdapter - Downloaded http://gec-maven-nexus.walmart.com/nexus/content/groups/public/io/netty/netty-all/4.1.9.Final/netty-all-4.1.9.Final.pom
2018-01-22 09:11:21,282 [Worker-0] INFO  o.e.m.c.i.e.AbstractTransferListenerAdapter - Downloading http://gec-maven-nexus.walmart.com/nexus/content/groups/public/io/netty/netty-parent/4.1.9.Final/netty-parent-4.1.9.Final.pom
2018-01-22 09:11:22,818 [Worker-0] INFO  o.e.m.c.i.e.AbstractTransferListenerAdapter - Downloaded http://gec-maven-nexus.walmart.com/nexus/content/groups/public/io/netty/netty-parent/4.1.9.Final/netty-parent-4.1.9.Final.pom
2018-01-22 09:11:23,221 [Worker-0] INFO  o.e.m.c.i.e.AbstractTransferListenerAdapter - Downloading http://gec-maven-nexus.walmart.com/nexus/content/groups/public/io/netty/netty-all/4.1.9.Final/netty-all-4.1.9.Final.jar
2018-01-22 09:11:27,829 [Worker-0] INFO  o.e.m.c.i.e.AbstractTransferListenerAdapter - Downloaded http://gec-maven-nexus.walmart.com/nexus/content/groups/public/io/netty/netty-all/4.1.9.Final/netty-all-4.1.9.Final.jar
2018-01-22 09:11:28,364 [Worker-0] WARN  o.e.m.c.i.embedder.EclipseLogger - Using platform encoding (UTF-8 actually) to copy filtered resources, i.e. build is platform dependent!
2018-01-22 09:11:28,366 [Worker-0] INFO  o.e.m.c.i.embedder.EclipseLogger - skip non existing resourceDirectory /Users/sghosh8/sougho_confidential/eclipse-workspace-github/Languages/eclipse-workspace/netty.chat/src/main/resources
2018-01-22 09:11:28,368 [Worker-0] WARN  o.e.m.c.i.embedder.EclipseLogger - Using platform encoding (UTF-8 actually) to copy filtered resources, i.e. build is platform dependent!
2018-01-22 09:11:28,368 [Worker-0] INFO  o.e.m.c.i.embedder.EclipseLogger - skip non existing resourceDirectory /Users/sghosh8/sougho_confidential/eclipse-workspace-github/Languages/eclipse-workspace/netty.chat/src/test/resources
2018-01-22 09:11:28,882 [Worker-86] INFO  o.e.m.c.i.l.LifecycleMappingFactory - Using org.eclipse.m2e.jdt.JarLifecycleMapping lifecycle mapping for MavenProject: java.networking:netty.chat:0.0.1-SNAPSHOT @ /Users/sghosh8/sougho_confidential/eclipse-workspace-github/Languages/eclipse-workspace/netty.chat/pom.xml.
2018-01-22 09:11:29,138 [Worker-81] INFO  o.e.m.c.i.l.LifecycleMappingFactory - Using org.eclipse.m2e.jdt.JarLifecycleMapping lifecycle mapping for MavenProject: java.networking:netty.chat:0.0.1-SNAPSHOT @ /Users/sghosh8/sougho_confidential/eclipse-workspace-github/Languages/eclipse-workspace/netty.chat/pom.xml.
2018-01-22 09:11:29,430 [Worker-81] WARN  o.e.m.c.i.embedder.EclipseLogger - Using platform encoding (UTF-8 actually) to copy filtered resources, i.e. build is platform dependent!
2018-01-22 09:11:29,432 [Worker-81] INFO  o.e.m.c.i.embedder.EclipseLogger - skip non existing resourceDirectory /Users/sghosh8/sougho_confidential/eclipse-workspace-github/Languages/eclipse-workspace/netty.chat/src/main/resources
2018-01-22 09:11:29,433 [Worker-81] WARN  o.e.m.c.i.embedder.EclipseLogger - Using platform encoding (UTF-8 actually) to copy filtered resources, i.e. build is platform dependent!
2018-01-22 09:11:29,433 [Worker-81] INFO  o.e.m.c.i.embedder.EclipseLogger - skip non existing resourceDirectory /Users/sghosh8/sougho_confidential/eclipse-workspace-github/Languages/eclipse-workspace/netty.chat/src/test/resources
2018-01-22 09:11:29,498 [Worker-81] INFO  o.e.m.c.i.l.LifecycleMappingFactory - Using org.eclipse.m2e.jdt.JarLifecycleMapping lifecycle mapping for MavenProject: simple.rest:simple.rest:0.0.1-SNAPSHOT @ /Users/sghosh8/sougho_confidential/eclipse-workspace-github/Languages/eclipse-workspace/simple.rest/pom.xml.
2018-01-22 09:11:29,547 [Worker-81] WARN  o.e.m.c.i.embedder.EclipseLogger - Using platform encoding (UTF-8 actually) to copy filtered resources, i.e. build is platform dependent!
2018-01-22 09:11:29,547 [Worker-81] INFO  o.e.m.c.i.embedder.EclipseLogger - skip non existing resourceDirectory /Users/sghosh8/sougho_confidential/eclipse-workspace-github/Languages/eclipse-workspace/simple.rest/src/main/resources
2018-01-22 09:11:29,549 [Worker-81] WARN  o.e.m.c.i.embedder.EclipseLogger - Using platform encoding (UTF-8 actually) to copy filtered resources, i.e. build is platform dependent!
2018-01-22 09:11:29,549 [Worker-81] INFO  o.e.m.c.i.embedder.EclipseLogger - skip non existing resourceDirectory /Users/sghosh8/sougho_confidential/eclipse-workspace-github/Languages/eclipse-workspace/simple.rest/src/test/resources
2018-01-22 09:11:30,091 [Worker-83] INFO  o.e.m.c.i.l.LifecycleMappingFactory - Using org.eclipse.m2e.jdt.JarLifecycleMapping lifecycle mapping for MavenProject: java.networking:netty.chat:0.0.1-SNAPSHOT @ /Users/sghosh8/sougho_confidential/eclipse-workspace-github/Languages/eclipse-workspace/netty.chat/pom.xml.
2018-01-22 09:11:30,116 [Worker-83] INFO  o.e.m.c.i.l.LifecycleMappingFactory - Using org.eclipse.m2e.jdt.JarLifecycleMapping lifecycle mapping for MavenProject: simple.rest:simple.rest:0.0.1-SNAPSHOT @ /Users/sghosh8/sougho_confidential/eclipse-workspace-github/Languages/eclipse-workspace/simple.rest/pom.xml.
2018-01-22 09:11:30,683 [Worker-81] WARN  o.e.m.c.i.embedder.EclipseLogger - Using platform encoding (UTF-8 actually) to copy filtered resources, i.e. build is platform dependent!
2018-01-22 09:11:30,684 [Worker-81] INFO  o.e.m.c.i.embedder.EclipseLogger - skip non existing resourceDirectory /Users/sghosh8/sougho_confidential/eclipse-workspace-github/Languages/eclipse-workspace/netty.chat/src/main/resources
2018-01-22 09:11:30,685 [Worker-81] WARN  o.e.m.c.i.embedder.EclipseLogger - Using platform encoding (UTF-8 actually) to copy filtered resources, i.e. build is platform dependent!
2018-01-22 09:11:30,686 [Worker-81] INFO  o.e.m.c.i.embedder.EclipseLogger - skip non existing resourceDirectory /Users/sghosh8/sougho_confidential/eclipse-workspace-github/Languages/eclipse-workspace/netty.chat/src/test/resources
2018-01-22 09:11:30,694 [Worker-81] WARN  o.e.m.c.i.embedder.EclipseLogger - Using platform encoding (UTF-8 actually) to copy filtered resources, i.e. build is platform dependent!
2018-01-22 09:11:30,695 [Worker-81] INFO  o.e.m.c.i.embedder.EclipseLogger - skip non existing resourceDirectory /Users/sghosh8/sougho_confidential/eclipse-workspace-github/Languages/eclipse-workspace/simple.rest/src/main/resources
2018-01-22 09:11:30,695 [Worker-81] WARN  o.e.m.c.i.embedder.EclipseLogger - Using platform encoding (UTF-8 actually) to copy filtered resources, i.e. build is platform dependent!
2018-01-22 09:11:30,696 [Worker-81] INFO  o.e.m.c.i.embedder.EclipseLogger - skip non existing resourceDirectory /Users/sghosh8/sougho_confidential/eclipse-workspace-github/Languages/eclipse-workspace/simple.rest/src/test/resources
2018-01-22 09:11:49,182 [Worker-1] WARN  o.e.m.c.i.embedder.EclipseLogger - Using platform encoding (UTF-8 actually) to copy filtered resources, i.e. build is platform dependent!
2018-01-22 09:11:49,183 [Worker-1] INFO  o.e.m.c.i.embedder.EclipseLogger - skip non existing resourceDirectory /Users/sghosh8/sougho_confidential/eclipse-workspace-github/Languages/eclipse-workspace/netty.chat/src/main/resources
2018-01-22 09:11:49,184 [Worker-1] WARN  o.e.m.c.i.embedder.EclipseLogger - Using platform encoding (UTF-8 actually) to copy filtered resources, i.e. build is platform dependent!
2018-01-22 09:11:49,185 [Worker-1] INFO  o.e.m.c.i.embedder.EclipseLogger - skip non existing resourceDirectory /Users/sghosh8/sougho_confidential/eclipse-workspace-github/Languages/eclipse-workspace/netty.chat/src/test/resources
